<?xml version="1.0" encoding="UTF-8"?>
<!-- Generated by org.testng.reporters.JUnitXMLReporter -->
<testsuite hostname="LAPTOP-KFNOH638" ignored="0" name="Test AA" tests="5" failures="0" timestamp="2020-08-16T13:40:33 BST" time="88.942" errors="0">
  <testcase name="runScenario" time="17.286" classname="io.cucumber.testng.AbstractTestNGCucumberTests"/>
  <testcase name="runScenario" time="16.671" classname="io.cucumber.testng.AbstractTestNGCucumberTests"/>
  <testcase name="runScenario" time="13.732" classname="io.cucumber.testng.AbstractTestNGCucumberTests"/>
  <testcase name="runScenario" time="20.232" classname="io.cucumber.testng.AbstractTestNGCucumberTests"/>
  <testcase name="runScenario" time="20.446" classname="io.cucumber.testng.AbstractTestNGCucumberTests"/>
</testsuite> <!-- Test AA -->
